{"C:\\dev\\MiLaundry3.0\\src\\lib\\api.ts": {"path":"C:\\dev\\MiLaundry3.0\\src\\lib\\api.ts","statementMap":{"0":{"start":{"line":18,"column":21},"end":{"line":18,"column":62}},"1":{"start":{"line":21,"column":2},"end":{"line":21,"column":58}},"2":{"start":{"line":21,"column":20},"end":{"line":21,"column":58}},"3":{"start":{"line":22,"column":2},"end":{"line":22,"column":64}},"4":{"start":{"line":22,"column":28},"end":{"line":22,"column":64}},"5":{"start":{"line":23,"column":2},"end":{"line":23,"column":21}},"6":{"start":{"line":28,"column":17},"end":{"line":31,"column":46}},"7":{"start":{"line":32,"column":2},"end":{"line":32,"column":60}},"8":{"start":{"line":32,"column":42},"end":{"line":32,"column":58}},"9":{"start":{"line":36,"column":17},"end":{"line":36,"column":76}},"10":{"start":{"line":37,"column":2},"end":{"line":37,"column":60}},"11":{"start":{"line":37,"column":42},"end":{"line":37,"column":58}},"12":{"start":{"line":41,"column":17},"end":{"line":44,"column":46}},"13":{"start":{"line":45,"column":2},"end":{"line":45,"column":34}},"14":{"start":{"line":49,"column":17},"end":{"line":54,"column":18}},"15":{"start":{"line":55,"column":2},"end":{"line":55,"column":40}},"16":{"start":{"line":60,"column":19},"end":{"line":60,"column":48}},"17":{"start":{"line":61,"column":17},"end":{"line":65,"column":46}},"18":{"start":{"line":66,"column":2},"end":{"line":66,"column":57}},"19":{"start":{"line":70,"column":17},"end":{"line":74,"column":46}},"20":{"start":{"line":75,"column":2},"end":{"line":75,"column":57}},"21":{"start":{"line":79,"column":17},"end":{"line":83,"column":13}},"22":{"start":{"line":84,"column":2},"end":{"line":84,"column":55}},"23":{"start":{"line":88,"column":17},"end":{"line":92,"column":45}},"24":{"start":{"line":93,"column":2},"end":{"line":93,"column":46}},"25":{"start":{"line":106,"column":17},"end":{"line":111,"column":4}},"26":{"start":{"line":112,"column":2},"end":{"line":112,"column":36}},"27":{"start":{"line":119,"column":17},"end":{"line":122,"column":4}},"28":{"start":{"line":123,"column":2},"end":{"line":123,"column":36}},"29":{"start":{"line":128,"column":20},"end":{"line":131,"column":4}},"30":{"start":{"line":132,"column":2},"end":{"line":132,"column":44}},"31":{"start":{"line":132,"column":13},"end":{"line":132,"column":44}},"32":{"start":{"line":136,"column":17},"end":{"line":139,"column":4}},"33":{"start":{"line":140,"column":2},"end":{"line":140,"column":36}},"34":{"start":{"line":145,"column":17},"end":{"line":145,"column":80}},"35":{"start":{"line":146,"column":2},"end":{"line":146,"column":42}},"36":{"start":{"line":150,"column":17},"end":{"line":150,"column":80}},"37":{"start":{"line":151,"column":2},"end":{"line":151,"column":41}},"38":{"start":{"line":158,"column":17},"end":{"line":158,"column":82}},"39":{"start":{"line":159,"column":2},"end":{"line":159,"column":38}},"40":{"start":{"line":168,"column":17},"end":{"line":172,"column":4}},"41":{"start":{"line":173,"column":2},"end":{"line":173,"column":32}},"42":{"start":{"line":177,"column":20},"end":{"line":180,"column":4}},"43":{"start":{"line":181,"column":2},"end":{"line":181,"column":44}},"44":{"start":{"line":181,"column":13},"end":{"line":181,"column":44}}},"fnMap":{"0":{"name":"unwrap","decl":{"start":{"line":20,"column":9},"end":{"line":20,"column":15}},"loc":{"start":{"line":20,"column":85},"end":{"line":24,"column":1}},"line":20},"1":{"name":"getRegisteredShops","decl":{"start":{"line":27,"column":22},"end":{"line":27,"column":40}},"loc":{"start":{"line":27,"column":60},"end":{"line":33,"column":1}},"line":27},"2":{"name":"(anonymous_2)","decl":{"start":{"line":32,"column":28},"end":{"line":32,"column":29}},"loc":{"start":{"line":32,"column":42},"end":{"line":32,"column":58}},"line":32},"3":{"name":"getMyMerchantShops","decl":{"start":{"line":35,"column":22},"end":{"line":35,"column":40}},"loc":{"start":{"line":35,"column":60},"end":{"line":38,"column":1}},"line":35},"4":{"name":"(anonymous_4)","decl":{"start":{"line":37,"column":28},"end":{"line":37,"column":29}},"loc":{"start":{"line":37,"column":42},"end":{"line":37,"column":58}},"line":37},"5":{"name":"getAllShops","decl":{"start":{"line":40,"column":22},"end":{"line":40,"column":33}},"loc":{"start":{"line":40,"column":53},"end":{"line":46,"column":1}},"line":40},"6":{"name":"getServices","decl":{"start":{"line":48,"column":22},"end":{"line":48,"column":33}},"loc":{"start":{"line":48,"column":73},"end":{"line":56,"column":1}},"line":48},"7":{"name":"getMyOrders","decl":{"start":{"line":59,"column":22},"end":{"line":59,"column":33}},"loc":{"start":{"line":59,"column":65},"end":{"line":67,"column":1}},"line":59},"8":{"name":"getShopOrders","decl":{"start":{"line":69,"column":22},"end":{"line":69,"column":35}},"loc":{"start":{"line":69,"column":81},"end":{"line":76,"column":1}},"line":69},"9":{"name":"getOrder","decl":{"start":{"line":78,"column":22},"end":{"line":78,"column":30}},"loc":{"start":{"line":78,"column":75},"end":{"line":85,"column":1}},"line":78},"10":{"name":"getOrderHistory","decl":{"start":{"line":87,"column":22},"end":{"line":87,"column":37}},"loc":{"start":{"line":87,"column":84},"end":{"line":94,"column":1}},"line":87},"11":{"name":"placeOrder","decl":{"start":{"line":101,"column":22},"end":{"line":101,"column":32}},"loc":{"start":{"line":105,"column":21},"end":{"line":113,"column":1}},"line":105},"12":{"name":"updateOrderStatus","decl":{"start":{"line":115,"column":22},"end":{"line":115,"column":39}},"loc":{"start":{"line":118,"column":21},"end":{"line":124,"column":1}},"line":118},"13":{"name":"registerWithShop","decl":{"start":{"line":127,"column":22},"end":{"line":127,"column":38}},"loc":{"start":{"line":127,"column":85},"end":{"line":133,"column":1}},"line":127},"14":{"name":"claimOrder","decl":{"start":{"line":135,"column":22},"end":{"line":135,"column":32}},"loc":{"start":{"line":135,"column":84},"end":{"line":141,"column":1}},"line":135},"15":{"name":"getShopCustomers","decl":{"start":{"line":144,"column":22},"end":{"line":144,"column":38}},"loc":{"start":{"line":144,"column":80},"end":{"line":147,"column":1}},"line":144},"16":{"name":"getShopAnalytics","decl":{"start":{"line":149,"column":22},"end":{"line":149,"column":38}},"loc":{"start":{"line":149,"column":79},"end":{"line":152,"column":1}},"line":149},"17":{"name":"upsertService","decl":{"start":{"line":155,"column":22},"end":{"line":155,"column":35}},"loc":{"start":{"line":157,"column":23},"end":{"line":160,"column":1}},"line":157},"18":{"name":"adminCreateShop","decl":{"start":{"line":163,"column":22},"end":{"line":163,"column":37}},"loc":{"start":{"line":167,"column":17},"end":{"line":174,"column":1}},"line":167},"19":{"name":"adminAssignMerchant","decl":{"start":{"line":176,"column":22},"end":{"line":176,"column":41}},"loc":{"start":{"line":176,"column":88},"end":{"line":182,"column":1}},"line":176}},"branchMap":{"0":{"loc":{"start":{"line":21,"column":2},"end":{"line":21,"column":58}},"type":"if","locations":[{"start":{"line":21,"column":2},"end":{"line":21,"column":58}},{"start":{},"end":{}}],"line":21},"1":{"loc":{"start":{"line":22,"column":2},"end":{"line":22,"column":64}},"type":"if","locations":[{"start":{"line":22,"column":2},"end":{"line":22,"column":64}},{"start":{},"end":{}}],"line":22},"2":{"loc":{"start":{"line":64,"column":23},"end":{"line":64,"column":42}},"type":"binary-expr","locations":[{"start":{"line":64,"column":23},"end":{"line":64,"column":36}},{"start":{"line":64,"column":40},"end":{"line":64,"column":42}}],"line":64},"3":{"loc":{"start":{"line":104,"column":2},"end":{"line":104,"column":55}},"type":"default-arg","locations":[{"start":{"line":104,"column":53},"end":{"line":104,"column":55}}],"line":104},"4":{"loc":{"start":{"line":109,"column":19},"end":{"line":109,"column":45}},"type":"binary-expr","locations":[{"start":{"line":109,"column":19},"end":{"line":109,"column":37}},{"start":{"line":109,"column":41},"end":{"line":109,"column":45}}],"line":109},"5":{"loc":{"start":{"line":110,"column":13},"end":{"line":110,"column":32}},"type":"binary-expr","locations":[{"start":{"line":110,"column":13},"end":{"line":110,"column":26}},{"start":{"line":110,"column":30},"end":{"line":110,"column":32}}],"line":110},"6":{"loc":{"start":{"line":132,"column":2},"end":{"line":132,"column":44}},"type":"if","locations":[{"start":{"line":132,"column":2},"end":{"line":132,"column":44}},{"start":{},"end":{}}],"line":132},"7":{"loc":{"start":{"line":181,"column":2},"end":{"line":181,"column":44}},"type":"if","locations":[{"start":{"line":181,"column":2},"end":{"line":181,"column":44}},{"start":{},"end":{}}],"line":181}},"s":{"0":0,"1":0,"2":0,"3":0,"4":0,"5":0,"6":0,"7":0,"8":0,"9":0,"10":0,"11":0,"12":0,"13":0,"14":0,"15":0,"16":0,"17":0,"18":0,"19":0,"20":0,"21":0,"22":0,"23":0,"24":0,"25":0,"26":0,"27":0,"28":0,"29":0,"30":0,"31":0,"32":0,"33":0,"34":0,"35":0,"36":0,"37":0,"38":0,"39":0,"40":0,"41":0,"42":0,"43":0,"44":0},"f":{"0":0,"1":0,"2":0,"3":0,"4":0,"5":0,"6":0,"7":0,"8":0,"9":0,"10":0,"11":0,"12":0,"13":0,"14":0,"15":0,"16":0,"17":0,"18":0,"19":0},"b":{"0":[0,0],"1":[0,0],"2":[0,0],"3":[0],"4":[0,0],"5":[0,0],"6":[0,0],"7":[0,0]}}
,"C:\\dev\\MiLaundry3.0\\src\\lib\\auth.tsx": {"path":"C:\\dev\\MiLaundry3.0\\src\\lib\\auth.tsx","statementMap":{"0":{"start":{"line":22,"column":20},"end":{"line":22,"column":64}},"1":{"start":{"line":25,"column":32},"end":{"line":25,"column":62}},"2":{"start":{"line":26,"column":32},"end":{"line":26,"column":62}},"3":{"start":{"line":27,"column":36},"end":{"line":27,"column":50}},"4":{"start":{"line":29,"column":22},"end":{"line":45,"column":8}},"5":{"start":{"line":30,"column":4},"end":{"line":33,"column":5}},"6":{"start":{"line":31,"column":6},"end":{"line":31,"column":23}},"7":{"start":{"line":32,"column":6},"end":{"line":32,"column":13}},"8":{"start":{"line":34,"column":28},"end":{"line":38,"column":15}},"9":{"start":{"line":39,"column":4},"end":{"line":43,"column":5}},"10":{"start":{"line":40,"column":6},"end":{"line":40,"column":61}},"11":{"start":{"line":41,"column":6},"end":{"line":41,"column":23}},"12":{"start":{"line":42,"column":6},"end":{"line":42,"column":13}},"13":{"start":{"line":44,"column":4},"end":{"line":44,"column":32}},"14":{"start":{"line":47,"column":2},"end":{"line":58,"column":20}},"15":{"start":{"line":48,"column":4},"end":{"line":51,"column":7}},"16":{"start":{"line":49,"column":6},"end":{"line":49,"column":31}},"17":{"start":{"line":50,"column":6},"end":{"line":50,"column":76}},"18":{"start":{"line":50,"column":55},"end":{"line":50,"column":74}},"19":{"start":{"line":53,"column":26},"end":{"line":56,"column":6}},"20":{"start":{"line":54,"column":6},"end":{"line":54,"column":23}},"21":{"start":{"line":55,"column":6},"end":{"line":55,"column":33}},"22":{"start":{"line":57,"column":4},"end":{"line":57,"column":48}},"23":{"start":{"line":57,"column":17},"end":{"line":57,"column":47}},"24":{"start":{"line":60,"column":17},"end":{"line":63,"column":8}},"25":{"start":{"line":61,"column":22},"end":{"line":61,"column":81}},"26":{"start":{"line":62,"column":4},"end":{"line":62,"column":46}},"27":{"start":{"line":62,"column":15},"end":{"line":62,"column":46}},"28":{"start":{"line":65,"column":17},"end":{"line":75,"column":3}},"29":{"start":{"line":67,"column":24},"end":{"line":71,"column":8}},"30":{"start":{"line":72,"column":6},"end":{"line":72,"column":48}},"31":{"start":{"line":72,"column":17},"end":{"line":72,"column":48}},"32":{"start":{"line":77,"column":18},"end":{"line":80,"column":8}},"33":{"start":{"line":78,"column":22},"end":{"line":78,"column":51}},"34":{"start":{"line":79,"column":4},"end":{"line":79,"column":46}},"35":{"start":{"line":79,"column":15},"end":{"line":79,"column":46}},"36":{"start":{"line":82,"column":2},"end":{"line":88,"column":4}},"37":{"start":{"line":92,"column":14},"end":{"line":92,"column":37}},"38":{"start":{"line":93,"column":2},"end":{"line":93,"column":72}},"39":{"start":{"line":93,"column":12},"end":{"line":93,"column":72}},"40":{"start":{"line":94,"column":2},"end":{"line":94,"column":13}}},"fnMap":{"0":{"name":"AuthProvider","decl":{"start":{"line":24,"column":16},"end":{"line":24,"column":28}},"loc":{"start":{"line":24,"column":74},"end":{"line":89,"column":1}},"line":24},"1":{"name":"(anonymous_1)","decl":{"start":{"line":29,"column":34},"end":{"line":29,"column":35}},"loc":{"start":{"line":29,"column":72},"end":{"line":45,"column":3}},"line":29},"2":{"name":"(anonymous_2)","decl":{"start":{"line":47,"column":12},"end":{"line":47,"column":13}},"loc":{"start":{"line":47,"column":18},"end":{"line":58,"column":3}},"line":47},"3":{"name":"(anonymous_3)","decl":{"start":{"line":48,"column":36},"end":{"line":48,"column":37}},"loc":{"start":{"line":48,"column":50},"end":{"line":51,"column":5}},"line":48},"4":{"name":"(anonymous_4)","decl":{"start":{"line":50,"column":49},"end":{"line":50,"column":50}},"loc":{"start":{"line":50,"column":55},"end":{"line":50,"column":74}},"line":50},"5":{"name":"(anonymous_5)","decl":{"start":{"line":53,"column":58},"end":{"line":53,"column":59}},"loc":{"start":{"line":53,"column":76},"end":{"line":56,"column":5}},"line":53},"6":{"name":"(anonymous_6)","decl":{"start":{"line":57,"column":11},"end":{"line":57,"column":12}},"loc":{"start":{"line":57,"column":17},"end":{"line":57,"column":47}},"line":57},"7":{"name":"(anonymous_7)","decl":{"start":{"line":60,"column":29},"end":{"line":60,"column":30}},"loc":{"start":{"line":60,"column":72},"end":{"line":63,"column":3}},"line":60},"8":{"name":"(anonymous_8)","decl":{"start":{"line":66,"column":4},"end":{"line":66,"column":5}},"loc":{"start":{"line":66,"column":65},"end":{"line":73,"column":5}},"line":66},"9":{"name":"(anonymous_9)","decl":{"start":{"line":77,"column":30},"end":{"line":77,"column":31}},"loc":{"start":{"line":77,"column":42},"end":{"line":80,"column":3}},"line":77},"10":{"name":"useAuth","decl":{"start":{"line":91,"column":16},"end":{"line":91,"column":23}},"loc":{"start":{"line":91,"column":44},"end":{"line":95,"column":1}},"line":91}},"branchMap":{"0":{"loc":{"start":{"line":30,"column":4},"end":{"line":33,"column":5}},"type":"if","locations":[{"start":{"line":30,"column":4},"end":{"line":33,"column":5}},{"start":{},"end":{}}],"line":30},"1":{"loc":{"start":{"line":39,"column":4},"end":{"line":43,"column":5}},"type":"if","locations":[{"start":{"line":39,"column":4},"end":{"line":43,"column":5}},{"start":{},"end":{}}],"line":39},"2":{"loc":{"start":{"line":62,"column":4},"end":{"line":62,"column":46}},"type":"if","locations":[{"start":{"line":62,"column":4},"end":{"line":62,"column":46}},{"start":{},"end":{}}],"line":62},"3":{"loc":{"start":{"line":72,"column":6},"end":{"line":72,"column":48}},"type":"if","locations":[{"start":{"line":72,"column":6},"end":{"line":72,"column":48}},{"start":{},"end":{}}],"line":72},"4":{"loc":{"start":{"line":79,"column":4},"end":{"line":79,"column":46}},"type":"if","locations":[{"start":{"line":79,"column":4},"end":{"line":79,"column":46}},{"start":{},"end":{}}],"line":79},"5":{"loc":{"start":{"line":93,"column":2},"end":{"line":93,"column":72}},"type":"if","locations":[{"start":{"line":93,"column":2},"end":{"line":93,"column":72}},{"start":{},"end":{}}],"line":93}},"s":{"0":0,"1":0,"2":0,"3":0,"4":0,"5":0,"6":0,"7":0,"8":0,"9":0,"10":0,"11":0,"12":0,"13":0,"14":0,"15":0,"16":0,"17":0,"18":0,"19":0,"20":0,"21":0,"22":0,"23":0,"24":0,"25":0,"26":0,"27":0,"28":0,"29":0,"30":0,"31":0,"32":0,"33":0,"34":0,"35":0,"36":0,"37":0,"38":0,"39":0,"40":0},"f":{"0":0,"1":0,"2":0,"3":0,"4":0,"5":0,"6":0,"7":0,"8":0,"9":0,"10":0},"b":{"0":[0,0],"1":[0,0],"2":[0,0],"3":[0,0],"4":[0,0],"5":[0,0]}}
,"C:\\dev\\MiLaundry3.0\\src\\lib\\supabase.ts": {"path":"C:\\dev\\MiLaundry3.0\\src\\lib\\supabase.ts","statementMap":{"0":{"start":{"line":5,"column":20},"end":{"line":5,"column":56}},"1":{"start":{"line":6,"column":24},"end":{"line":6,"column":65}},"2":{"start":{"line":8,"column":0},"end":{"line":13,"column":1}},"3":{"start":{"line":9,"column":2},"end":{"line":12,"column":4}},"4":{"start":{"line":15,"column":24},"end":{"line":22,"column":2}}},"fnMap":{},"branchMap":{"0":{"loc":{"start":{"line":8,"column":0},"end":{"line":13,"column":1}},"type":"if","locations":[{"start":{"line":8,"column":0},"end":{"line":13,"column":1}},{"start":{},"end":{}}],"line":8},"1":{"loc":{"start":{"line":8,"column":4},"end":{"line":8,"column":36}},"type":"binary-expr","locations":[{"start":{"line":8,"column":4},"end":{"line":8,"column":16}},{"start":{"line":8,"column":20},"end":{"line":8,"column":36}}],"line":8}},"s":{"0":0,"1":0,"2":0,"3":0,"4":0},"f":{},"b":{"0":[0,0],"1":[0,0]}}
,"C:\\dev\\MiLaundry3.0\\src\\lib\\types.ts": {"path":"C:\\dev\\MiLaundry3.0\\src\\lib\\types.ts","statementMap":{},"fnMap":{},"branchMap":{},"s":{},"f":{},"b":{}}
,"C:\\dev\\MiLaundry3.0\\src\\lib\\use-active-shop.ts": {"path":"C:\\dev\\MiLaundry3.0\\src\\lib\\use-active-shop.ts","statementMap":{"0":{"start":{"line":7,"column":16},"end":{"line":10,"column":4}},"1":{"start":{"line":11,"column":2},"end":{"line":15,"column":4}}},"fnMap":{"0":{"name":"useActiveShop","decl":{"start":{"line":6,"column":16},"end":{"line":6,"column":29}},"loc":{"start":{"line":6,"column":32},"end":{"line":16,"column":1}},"line":6}},"branchMap":{"0":{"loc":{"start":{"line":12,"column":10},"end":{"line":12,"column":33}},"type":"binary-expr","locations":[{"start":{"line":12,"column":10},"end":{"line":12,"column":25}},{"start":{"line":12,"column":29},"end":{"line":12,"column":33}}],"line":12}},"s":{"0":0,"1":0},"f":{"0":0},"b":{"0":[0,0]}}
,"C:\\dev\\MiLaundry3.0\\src\\lib\\domain\\credentials.ts": {"path":"C:\\dev\\MiLaundry3.0\\src\\lib\\domain\\credentials.ts","statementMap":{"0":{"start":{"line":3,"column":35},"end":{"line":3,"column":36}},"1":{"start":{"line":13,"column":16},"end":{"line":13,"column":42}},"2":{"start":{"line":14,"column":2},"end":{"line":20,"column":3}},"3":{"start":{"line":15,"column":4},"end":{"line":19,"column":6}},"4":{"start":{"line":21,"column":2},"end":{"line":27,"column":3}},"5":{"start":{"line":22,"column":4},"end":{"line":26,"column":6}},"6":{"start":{"line":28,"column":2},"end":{"line":28,"column":29}}},"fnMap":{"0":{"name":"validateCredentials","decl":{"start":{"line":9,"column":16},"end":{"line":9,"column":35}},"loc":{"start":{"line":12,"column":21},"end":{"line":29,"column":1}},"line":12}},"branchMap":{"0":{"loc":{"start":{"line":14,"column":2},"end":{"line":20,"column":3}},"type":"if","locations":[{"start":{"line":14,"column":2},"end":{"line":20,"column":3}},{"start":{},"end":{}}],"line":14},"1":{"loc":{"start":{"line":21,"column":2},"end":{"line":27,"column":3}},"type":"if","locations":[{"start":{"line":21,"column":2},"end":{"line":27,"column":3}},{"start":{},"end":{}}],"line":21},"2":{"loc":{"start":{"line":21,"column":6},"end":{"line":21,"column":56}},"type":"binary-expr","locations":[{"start":{"line":21,"column":6},"end":{"line":21,"column":15}},{"start":{"line":21,"column":19},"end":{"line":21,"column":56}}],"line":21}},"s":{"0":1,"1":5,"2":5,"3":1,"4":4,"5":2,"6":2},"f":{"0":5},"b":{"0":[1,4],"1":[2,2],"2":[4,3]},"_coverageSchema":"1a1c01bbd47fc00a2c39e90264f33305004495a9","hash":"38406accf72af899341c99baea0a5bfc1ba22fb9"}
,"C:\\dev\\MiLaundry3.0\\src\\lib\\domain\\order-status.ts": {"path":"C:\\dev\\MiLaundry3.0\\src\\lib\\domain\\order-status.ts","statementMap":{"0":{"start":{"line":1,"column":30},"end":{"line":8,"column":10}},"1":{"start":{"line":12,"column":57},"end":{"line":12,"column":83}},"2":{"start":{"line":14,"column":65},"end":{"line":21,"column":1}},"3":{"start":{"line":24,"column":2},"end":{"line":24,"column":40}},"4":{"start":{"line":28,"column":2},"end":{"line":28,"column":32}}},"fnMap":{"0":{"name":"canTransition","decl":{"start":{"line":23,"column":16},"end":{"line":23,"column":29}},"loc":{"start":{"line":23,"column":75},"end":{"line":25,"column":1}},"line":23},"1":{"name":"nextStatuses","decl":{"start":{"line":27,"column":16},"end":{"line":27,"column":28}},"loc":{"start":{"line":27,"column":63},"end":{"line":29,"column":1}},"line":27}},"branchMap":{},"s":{"0":1,"1":1,"2":1,"3":30,"4":3},"f":{"0":30,"1":3},"b":{},"_coverageSchema":"1a1c01bbd47fc00a2c39e90264f33305004495a9","hash":"7a0137a01d493f814fde43005c0c93235e97184f"}
,"C:\\dev\\MiLaundry3.0\\src\\lib\\domain\\phone.ts": {"path":"C:\\dev\\MiLaundry3.0\\src\\lib\\domain\\phone.ts","statementMap":{"0":{"start":{"line":1,"column":16},"end":{"line":1,"column":35}},"1":{"start":{"line":2,"column":21},"end":{"line":2,"column":31}},"2":{"start":{"line":5,"column":2},"end":{"line":5,"column":26}},"3":{"start":{"line":5,"column":14},"end":{"line":5,"column":26}},"4":{"start":{"line":7,"column":18},"end":{"line":7,"column":49}},"5":{"start":{"line":9,"column":2},"end":{"line":11,"column":3}},"6":{"start":{"line":10,"column":4},"end":{"line":10,"column":50}},"7":{"start":{"line":13,"column":2},"end":{"line":13,"column":42}},"8":{"start":{"line":13,"column":30},"end":{"line":13,"column":42}},"9":{"start":{"line":16,"column":2},"end":{"line":18,"column":3}},"10":{"start":{"line":17,"column":4},"end":{"line":17,"column":36}},"11":{"start":{"line":19,"column":2},"end":{"line":21,"column":3}},"12":{"start":{"line":20,"column":4},"end":{"line":20,"column":27}},"13":{"start":{"line":22,"column":2},"end":{"line":24,"column":3}},"14":{"start":{"line":23,"column":4},"end":{"line":23,"column":25}},"15":{"start":{"line":26,"column":2},"end":{"line":26,"column":14}},"16":{"start":{"line":30,"column":2},"end":{"line":30,"column":40}}},"fnMap":{"0":{"name":"normalizePhone","decl":{"start":{"line":4,"column":16},"end":{"line":4,"column":30}},"loc":{"start":{"line":4,"column":61},"end":{"line":27,"column":1}},"line":4},"1":{"name":"isValidPhone","decl":{"start":{"line":29,"column":16},"end":{"line":29,"column":28}},"loc":{"start":{"line":29,"column":53},"end":{"line":31,"column":1}},"line":29}},"branchMap":{"0":{"loc":{"start":{"line":5,"column":2},"end":{"line":5,"column":26}},"type":"if","locations":[{"start":{"line":5,"column":2},"end":{"line":5,"column":26}},{"start":{},"end":{}}],"line":5},"1":{"loc":{"start":{"line":9,"column":2},"end":{"line":11,"column":3}},"type":"if","locations":[{"start":{"line":9,"column":2},"end":{"line":11,"column":3}},{"start":{},"end":{}}],"line":9},"2":{"loc":{"start":{"line":10,"column":11},"end":{"line":10,"column":49}},"type":"cond-expr","locations":[{"start":{"line":10,"column":35},"end":{"line":10,"column":42}},{"start":{"line":10,"column":45},"end":{"line":10,"column":49}}],"line":10},"3":{"loc":{"start":{"line":13,"column":2},"end":{"line":13,"column":42}},"type":"if","locations":[{"start":{"line":13,"column":2},"end":{"line":13,"column":42}},{"start":{},"end":{}}],"line":13},"4":{"loc":{"start":{"line":16,"column":2},"end":{"line":18,"column":3}},"type":"if","locations":[{"start":{"line":16,"column":2},"end":{"line":18,"column":3}},{"start":{},"end":{}}],"line":16},"5":{"loc":{"start":{"line":16,"column":6},"end":{"line":16,"column":69}},"type":"binary-expr","locations":[{"start":{"line":16,"column":6},"end":{"line":16,"column":30}},{"start":{"line":16,"column":34},"end":{"line":16,"column":69}}],"line":16},"6":{"loc":{"start":{"line":19,"column":2},"end":{"line":21,"column":3}},"type":"if","locations":[{"start":{"line":19,"column":2},"end":{"line":21,"column":3}},{"start":{},"end":{}}],"line":19},"7":{"loc":{"start":{"line":22,"column":2},"end":{"line":24,"column":3}},"type":"if","locations":[{"start":{"line":22,"column":2},"end":{"line":24,"column":3}},{"start":{},"end":{}}],"line":22},"8":{"loc":{"start":{"line":22,"column":6},"end":{"line":22,"column":69}},"type":"binary-expr","locations":[{"start":{"line":22,"column":6},"end":{"line":22,"column":30}},{"start":{"line":22,"column":34},"end":{"line":22,"column":69}}],"line":22}},"s":{"0":2,"1":2,"2":18,"3":1,"4":17,"5":17,"6":2,"7":15,"8":1,"9":14,"10":8,"11":6,"12":1,"13":5,"14":1,"15":4,"16":2},"f":{"0":18,"1":2},"b":{"0":[1,17],"1":[2,15],"2":[2,0],"3":[1,14],"4":[8,6],"5":[14,10],"6":[1,5],"7":[1,4],"8":[5,1]},"_coverageSchema":"1a1c01bbd47fc00a2c39e90264f33305004495a9","hash":"8b2da4a75490ce86deeae4867968bfc90ad0b5d8"}
,"C:\\dev\\MiLaundry3.0\\src\\lib\\domain\\pricing.ts": {"path":"C:\\dev\\MiLaundry3.0\\src\\lib\\domain\\pricing.ts","statementMap":{"0":{"start":{"line":25,"column":19},"end":{"line":26,"column":50}},"1":{"start":{"line":26,"column":2},"end":{"line":26,"column":50}},"2":{"start":{"line":29,"column":2},"end":{"line":31,"column":3}},"3":{"start":{"line":30,"column":4},"end":{"line":30,"column":53}},"4":{"start":{"line":32,"column":2},"end":{"line":34,"column":3}},"5":{"start":{"line":33,"column":4},"end":{"line":33,"column":37}},"6":{"start":{"line":35,"column":2},"end":{"line":35,"column":46}},"7":{"start":{"line":42,"column":15},"end":{"line":42,"column":53}},"8":{"start":{"line":42,"column":42},"end":{"line":42,"column":51}},"9":{"start":{"line":44,"column":16},"end":{"line":50,"column":4}},"10":{"start":{"line":45,"column":20},"end":{"line":45,"column":44}},"11":{"start":{"line":46,"column":4},"end":{"line":48,"column":5}},"12":{"start":{"line":47,"column":6},"end":{"line":47,"column":60}},"13":{"start":{"line":49,"column":4},"end":{"line":49,"column":94}},"14":{"start":{"line":52,"column":16},"end":{"line":52,"column":79}},"15":{"start":{"line":52,"column":55},"end":{"line":52,"column":74}},"16":{"start":{"line":53,"column":2},"end":{"line":53,"column":26}}},"fnMap":{"0":{"name":"(anonymous_0)","decl":{"start":{"line":25,"column":19},"end":{"line":25,"column":20}},"loc":{"start":{"line":26,"column":2},"end":{"line":26,"column":50}},"line":26},"1":{"name":"estimateLineTotal","decl":{"start":{"line":28,"column":16},"end":{"line":28,"column":33}},"loc":{"start":{"line":28,"column":78},"end":{"line":36,"column":1}},"line":28},"2":{"name":"estimateOrderTotal","decl":{"start":{"line":38,"column":16},"end":{"line":38,"column":34}},"loc":{"start":{"line":41,"column":17},"end":{"line":54,"column":1}},"line":41},"3":{"name":"(anonymous_3)","decl":{"start":{"line":42,"column":35},"end":{"line":42,"column":36}},"loc":{"start":{"line":42,"column":42},"end":{"line":42,"column":51}},"line":42},"4":{"name":"(anonymous_4)","decl":{"start":{"line":44,"column":26},"end":{"line":44,"column":27}},"loc":{"start":{"line":44,"column":36},"end":{"line":50,"column":3}},"line":44},"5":{"name":"(anonymous_5)","decl":{"start":{"line":52,"column":40},"end":{"line":52,"column":41}},"loc":{"start":{"line":52,"column":55},"end":{"line":52,"column":74}},"line":52}},"branchMap":{"0":{"loc":{"start":{"line":29,"column":2},"end":{"line":31,"column":3}},"type":"if","locations":[{"start":{"line":29,"column":2},"end":{"line":31,"column":3}},{"start":{},"end":{}}],"line":29},"1":{"loc":{"start":{"line":29,"column":6},"end":{"line":29,"column":49}},"type":"binary-expr","locations":[{"start":{"line":29,"column":6},"end":{"line":29,"column":32}},{"start":{"line":29,"column":36},"end":{"line":29,"column":49}}],"line":29},"2":{"loc":{"start":{"line":32,"column":2},"end":{"line":34,"column":3}},"type":"if","locations":[{"start":{"line":32,"column":2},"end":{"line":34,"column":3}},{"start":{},"end":{}}],"line":32},"3":{"loc":{"start":{"line":46,"column":4},"end":{"line":48,"column":5}},"type":"if","locations":[{"start":{"line":46,"column":4},"end":{"line":48,"column":5}},{"start":{},"end":{}}],"line":46}},"s":{"0":1,"1":12,"2":13,"3":4,"4":9,"5":2,"6":7,"7":4,"8":12,"9":4,"10":5,"11":5,"12":1,"13":4,"14":3,"15":4,"16":3},"f":{"0":12,"1":13,"2":4,"3":12,"4":5,"5":4},"b":{"0":[4,9],"1":[13,11],"2":[2,7],"3":[1,4]},"_coverageSchema":"1a1c01bbd47fc00a2c39e90264f33305004495a9","hash":"dedcdda47235b98242e97ede9547cfcff8271123"}
,"C:\\dev\\MiLaundry3.0\\src\\lib\\domain\\qr.ts": {"path":"C:\\dev\\MiLaundry3.0\\src\\lib\\domain\\qr.ts","statementMap":{"0":{"start":{"line":9,"column":19},"end":{"line":9,"column":33}},"1":{"start":{"line":10,"column":17},"end":{"line":10,"column":32}},"2":{"start":{"line":13,"column":2},"end":{"line":13,"column":67}},"3":{"start":{"line":16,"column":2},"end":{"line":16,"column":74}},"4":{"start":{"line":20,"column":2},"end":{"line":20,"column":76}},"5":{"start":{"line":24,"column":2},"end":{"line":24,"column":24}},"6":{"start":{"line":24,"column":12},"end":{"line":24,"column":24}},"7":{"start":{"line":27,"column":2},"end":{"line":33,"column":3}},"8":{"start":{"line":28,"column":4},"end":{"line":28,"column":40}},"9":{"start":{"line":29,"column":9},"end":{"line":33,"column":3}},"10":{"start":{"line":30,"column":4},"end":{"line":30,"column":52}},"11":{"start":{"line":32,"column":4},"end":{"line":32,"column":16}},"12":{"start":{"line":35,"column":16},"end":{"line":35,"column":71}},"13":{"start":{"line":36,"column":2},"end":{"line":36,"column":26}},"14":{"start":{"line":36,"column":14},"end":{"line":36,"column":26}},"15":{"start":{"line":38,"column":37},"end":{"line":38,"column":42}},"16":{"start":{"line":39,"column":2},"end":{"line":39,"column":37}},"17":{"start":{"line":39,"column":25},"end":{"line":39,"column":37}},"18":{"start":{"line":41,"column":16},"end":{"line":41,"column":48}},"19":{"start":{"line":42,"column":2},"end":{"line":42,"column":26}},"20":{"start":{"line":42,"column":14},"end":{"line":42,"column":26}},"21":{"start":{"line":44,"column":2},"end":{"line":44,"column":52}}},"fnMap":{"0":{"name":"buildShopQr","decl":{"start":{"line":15,"column":16},"end":{"line":15,"column":27}},"loc":{"start":{"line":15,"column":67},"end":{"line":17,"column":1}},"line":15},"1":{"name":"buildOrderQr","decl":{"start":{"line":19,"column":16},"end":{"line":19,"column":28}},"loc":{"start":{"line":19,"column":69},"end":{"line":21,"column":1}},"line":19},"2":{"name":"parseQrPayload","decl":{"start":{"line":23,"column":16},"end":{"line":23,"column":30}},"loc":{"start":{"line":23,"column":62},"end":{"line":45,"column":1}},"line":23}},"branchMap":{"0":{"loc":{"start":{"line":24,"column":2},"end":{"line":24,"column":24}},"type":"if","locations":[{"start":{"line":24,"column":2},"end":{"line":24,"column":24}},{"start":{},"end":{}}],"line":24},"1":{"loc":{"start":{"line":27,"column":2},"end":{"line":33,"column":3}},"type":"if","locations":[{"start":{"line":27,"column":2},"end":{"line":33,"column":3}},{"start":{"line":29,"column":9},"end":{"line":33,"column":3}}],"line":27},"2":{"loc":{"start":{"line":29,"column":9},"end":{"line":33,"column":3}},"type":"if","locations":[{"start":{"line":29,"column":9},"end":{"line":33,"column":3}},{"start":{"line":31,"column":9},"end":{"line":33,"column":3}}],"line":29},"3":{"loc":{"start":{"line":36,"column":2},"end":{"line":36,"column":26}},"type":"if","locations":[{"start":{"line":36,"column":2},"end":{"line":36,"column":26}},{"start":{},"end":{}}],"line":36},"4":{"loc":{"start":{"line":39,"column":2},"end":{"line":39,"column":37}},"type":"if","locations":[{"start":{"line":39,"column":2},"end":{"line":39,"column":37}},{"start":{},"end":{}}],"line":39},"5":{"loc":{"start":{"line":42,"column":2},"end":{"line":42,"column":26}},"type":"if","locations":[{"start":{"line":42,"column":2},"end":{"line":42,"column":26}},{"start":{},"end":{}}],"line":42}},"s":{"0":1,"1":1,"2":1,"3":2,"4":2,"5":9,"6":1,"7":8,"8":5,"9":3,"10":1,"11":2,"12":6,"13":6,"14":2,"15":4,"16":4,"17":1,"18":3,"19":3,"20":0,"21":3},"f":{"0":2,"1":2,"2":9},"b":{"0":[1,8],"1":[5,3],"2":[1,2],"3":[2,4],"4":[1,3],"5":[0,3]},"_coverageSchema":"1a1c01bbd47fc00a2c39e90264f33305004495a9","hash":"2fd6eea02f2036eabfe43dfafba37adc8e35d428"}
}
