TN:
SF:src\lib\api.ts
FN:20,unwrap
FN:27,getRegisteredShops
FN:32,(anonymous_2)
FN:35,getMyMerchantShops
FN:37,(anonymous_4)
FN:40,getAllShops
FN:48,getServices
FN:59,getMyOrders
FN:69,getShopOrders
FN:78,getOrder
FN:87,getOrderHistory
FN:101,placeOrder
FN:115,updateOrderStatus
FN:127,registerWithShop
FN:135,claimOrder
FN:144,getShopCustomers
FN:149,getShopAnalytics
FN:155,upsertService
FN:163,adminCreateShop
FN:176,adminAssignMerchant
FNF:20
FNH:0
FNDA:0,unwrap
FNDA:0,getRegisteredShops
FNDA:0,(anonymous_2)
FNDA:0,getMyMerchantShops
FNDA:0,(anonymous_4)
FNDA:0,getAllShops
FNDA:0,getServices
FNDA:0,getMyOrders
FNDA:0,getShopOrders
FNDA:0,getOrder
FNDA:0,getOrderHistory
FNDA:0,placeOrder
FNDA:0,updateOrderStatus
FNDA:0,registerWithShop
FNDA:0,claimOrder
FNDA:0,getShopCustomers
FNDA:0,getShopAnalytics
FNDA:0,upsertService
FNDA:0,adminCreateShop
FNDA:0,adminAssignMerchant
DA:18,0
DA:21,0
DA:22,0
DA:23,0
DA:28,0
DA:32,0
DA:36,0
DA:37,0
DA:41,0
DA:45,0
DA:49,0
DA:55,0
DA:60,0
DA:61,0
DA:66,0
DA:70,0
DA:75,0
DA:79,0
DA:84,0
DA:88,0
DA:93,0
DA:106,0
DA:112,0
DA:119,0
DA:123,0
DA:128,0
DA:132,0
DA:136,0
DA:140,0
DA:145,0
DA:146,0
DA:150,0
DA:151,0
DA:158,0
DA:159,0
DA:168,0
DA:173,0
DA:177,0
DA:181,0
LF:39
LH:0
BRDA:21,0,0,0
BRDA:21,0,1,0
BRDA:22,1,0,0
BRDA:22,1,1,0
BRDA:64,2,0,0
BRDA:64,2,1,0
BRDA:104,3,0,0
BRDA:109,4,0,0
BRDA:109,4,1,0
BRDA:110,5,0,0
BRDA:110,5,1,0
BRDA:132,6,0,0
BRDA:132,6,1,0
BRDA:181,7,0,0
BRDA:181,7,1,0
BRF:15
BRH:0
end_of_record
TN:
SF:src\lib\auth.tsx
FN:24,AuthProvider
FN:29,(anonymous_1)
FN:47,(anonymous_2)
FN:48,(anonymous_3)
FN:50,(anonymous_4)
FN:53,(anonymous_5)
FN:57,(anonymous_6)
FN:60,(anonymous_7)
FN:66,(anonymous_8)
FN:77,(anonymous_9)
FN:91,useAuth
FNF:11
FNH:0
FNDA:0,AuthProvider
FNDA:0,(anonymous_1)
FNDA:0,(anonymous_2)
FNDA:0,(anonymous_3)
FNDA:0,(anonymous_4)
FNDA:0,(anonymous_5)
FNDA:0,(anonymous_6)
FNDA:0,(anonymous_7)
FNDA:0,(anonymous_8)
FNDA:0,(anonymous_9)
FNDA:0,useAuth
DA:22,0
DA:25,0
DA:26,0
DA:27,0
DA:29,0
DA:30,0
DA:31,0
DA:32,0
DA:34,0
DA:39,0
DA:40,0
DA:41,0
DA:42,0
DA:44,0
DA:47,0
DA:48,0
DA:49,0
DA:50,0
DA:53,0
DA:54,0
DA:55,0
DA:57,0
DA:60,0
DA:61,0
DA:62,0
DA:65,0
DA:67,0
DA:72,0
DA:77,0
DA:78,0
DA:79,0
DA:82,0
DA:92,0
DA:93,0
DA:94,0
LF:35
LH:0
BRDA:30,0,0,0
BRDA:30,0,1,0
BRDA:39,1,0,0
BRDA:39,1,1,0
BRDA:62,2,0,0
BRDA:62,2,1,0
BRDA:72,3,0,0
BRDA:72,3,1,0
BRDA:79,4,0,0
BRDA:79,4,1,0
BRDA:93,5,0,0
BRDA:93,5,1,0
BRF:12
BRH:0
end_of_record
TN:
SF:src\lib\supabase.ts
FNF:0
FNH:0
DA:5,0
DA:6,0
DA:8,0
DA:9,0
DA:15,0
LF:5
LH:0
BRDA:8,0,0,0
BRDA:8,0,1,0
BRDA:8,1,0,0
BRDA:8,1,1,0
BRF:4
BRH:0
end_of_record
TN:
SF:src\lib\types.ts
FNF:0
FNH:0
LF:0
LH:0
BRF:0
BRH:0
end_of_record
TN:
SF:src\lib\use-active-shop.ts
FN:6,useActiveShop
FNF:1
FNH:0
FNDA:0,useActiveShop
DA:7,0
DA:11,0
LF:2
LH:0
BRDA:12,0,0,0
BRDA:12,0,1,0
BRF:2
BRH:0
end_of_record
TN:
SF:src\lib\domain\credentials.ts
FN:9,validateCredentials
FNF:1
FNH:1
FNDA:5,validateCredentials
DA:3,1
DA:13,5
DA:14,5
DA:15,1
DA:21,4
DA:22,2
DA:28,2
LF:7
LH:7
BRDA:14,0,0,1
BRDA:14,0,1,4
BRDA:21,1,0,2
BRDA:21,1,1,2
BRDA:21,2,0,4
BRDA:21,2,1,3
BRF:6
BRH:6
end_of_record
TN:
SF:src\lib\domain\order-status.ts
FN:23,canTransition
FN:27,nextStatuses
FNF:2
FNH:2
FNDA:30,canTransition
FNDA:3,nextStatuses
DA:1,1
DA:12,1
DA:14,1
DA:24,30
DA:28,3
LF:5
LH:5
BRF:0
BRH:0
end_of_record
TN:
SF:src\lib\domain\phone.ts
FN:4,normalizePhone
FN:29,isValidPhone
FNF:2
FNH:2
FNDA:18,normalizePhone
FNDA:2,isValidPhone
DA:1,2
DA:2,2
DA:5,18
DA:7,17
DA:9,17
DA:10,2
DA:13,15
DA:16,14
DA:17,8
DA:19,6
DA:20,1
DA:22,5
DA:23,1
DA:26,4
DA:30,2
LF:15
LH:15
BRDA:5,0,0,1
BRDA:5,0,1,17
BRDA:9,1,0,2
BRDA:9,1,1,15
BRDA:10,2,0,2
BRDA:10,2,1,0
BRDA:13,3,0,1
BRDA:13,3,1,14
BRDA:16,4,0,8
BRDA:16,4,1,6
BRDA:16,5,0,14
BRDA:16,5,1,10
BRDA:19,6,0,1
BRDA:19,6,1,5
BRDA:22,7,0,1
BRDA:22,7,1,4
BRDA:22,8,0,5
BRDA:22,8,1,1
BRF:18
BRH:17
end_of_record
TN:
SF:src\lib\domain\pricing.ts
FN:25,(anonymous_0)
FN:28,estimateLineTotal
FN:38,estimateOrderTotal
FN:42,(anonymous_3)
FN:44,(anonymous_4)
FN:52,(anonymous_5)
FNF:6
FNH:6
FNDA:12,(anonymous_0)
FNDA:13,estimateLineTotal
FNDA:4,estimateOrderTotal
FNDA:12,(anonymous_3)
FNDA:5,(anonymous_4)
FNDA:4,(anonymous_5)
DA:25,1
DA:26,12
DA:29,13
DA:30,4
DA:32,9
DA:33,2
DA:35,7
DA:42,12
DA:44,4
DA:45,5
DA:46,5
DA:47,1
DA:49,4
DA:52,4
DA:53,3
LF:15
LH:15
BRDA:29,0,0,4
BRDA:29,0,1,9
BRDA:29,1,0,13
BRDA:29,1,1,11
BRDA:32,2,0,2
BRDA:32,2,1,7
BRDA:46,3,0,1
BRDA:46,3,1,4
BRF:8
BRH:8
end_of_record
TN:
SF:src\lib\domain\qr.ts
FN:15,buildShopQr
FN:19,buildOrderQr
FN:23,parseQrPayload
FNF:3
FNH:3
FNDA:2,buildShopQr
FNDA:2,buildOrderQr
FNDA:9,parseQrPayload
DA:9,1
DA:10,1
DA:13,1
DA:16,2
DA:20,2
DA:24,9
DA:27,8
DA:28,5
DA:29,3
DA:30,1
DA:32,2
DA:35,6
DA:36,6
DA:38,4
DA:39,4
DA:41,3
DA:42,3
DA:44,3
LF:18
LH:18
BRDA:24,0,0,1
BRDA:24,0,1,8
BRDA:27,1,0,5
BRDA:27,1,1,3
BRDA:29,2,0,1
BRDA:29,2,1,2
BRDA:36,3,0,2
BRDA:36,3,1,4
BRDA:39,4,0,1
BRDA:39,4,1,3
BRDA:42,5,0,0
BRDA:42,5,1,3
BRF:12
BRH:11
end_of_record
